<?xml version="1.0" encoding="UTF-8"?>
<testng-results ignored="0" total="2" passed="2" failed="0" skipped="0">
  <reporter-output>
  </reporter-output>
  <suite started-at="2024-02-21T02:25:36Z" name="RegressionAutomatedQA" finished-at="2024-02-21T02:25:42Z" duration-ms="5875">
    <groups>
    </groups>
    <test started-at="2024-02-21T02:25:36Z" name="TC02_AddToCart" finished-at="2024-02-21T02:25:42Z" duration-ms="5854">
      <class name="inventoryTestCases.TC02_AddToCart">
        <test-method is-config="true" signature="startWebDriver()[pri:0, instance:inventoryTestCases.TC02_AddToCart@732c9b5c]" started-at="2024-02-20T20:25:36Z" name="startWebDriver" finished-at="2024-02-20T20:25:40Z" duration-ms="4275" status="PASS">
          <reporter-output>
          </reporter-output>
        </test-method> <!-- startWebDriver -->
        <test-method signature="TC02()[pri:0, instance:inventoryTestCases.TC02_AddToCart@732c9b5c]" started-at="2024-02-20T20:25:40Z" name="TC02" finished-at="2024-02-20T20:25:41Z" duration-ms="1047" status="PASS">
          <reporter-output>
          </reporter-output>
        </test-method> <!-- TC02 -->
        <test-method is-config="true" signature="closeDriver()[pri:0, instance:inventoryTestCases.TC02_AddToCart@732c9b5c]" started-at="2024-02-20T20:25:41Z" name="closeDriver" finished-at="2024-02-20T20:25:42Z" duration-ms="522" status="PASS">
          <reporter-output>
          </reporter-output>
        </test-method> <!-- closeDriver -->
      </class> <!-- inventoryTestCases.TC02_AddToCart -->
    </test> <!-- TC02_AddToCart -->
    <test started-at="2024-02-21T02:25:36Z" name="TC01_Login" finished-at="2024-02-21T02:25:42Z" duration-ms="5875">
      <class name="loginTestCases.TC01_Login">
        <test-method is-config="true" signature="startWebDriver()[pri:0, instance:loginTestCases.TC01_Login@3f93e4a8]" started-at="2024-02-20T20:25:36Z" name="startWebDriver" finished-at="2024-02-20T20:25:38Z" duration-ms="1884" status="PASS">
          <reporter-output>
          </reporter-output>
        </test-method> <!-- startWebDriver -->
        <test-method signature="TC01()[pri:0, instance:loginTestCases.TC01_Login@3f93e4a8]" started-at="2024-02-20T20:25:38Z" name="TC01" finished-at="2024-02-20T20:25:38Z" duration-ms="346" status="PASS">
          <reporter-output>
          </reporter-output>
        </test-method> <!-- TC01 -->
        <test-method is-config="true" signature="closeDriver()[pri:0, instance:loginTestCases.TC01_Login@3f93e4a8]" started-at="2024-02-20T20:25:38Z" name="closeDriver" finished-at="2024-02-20T20:25:42Z" duration-ms="3615" status="PASS">
          <reporter-output>
          </reporter-output>
        </test-method> <!-- closeDriver -->
      </class> <!-- loginTestCases.TC01_Login -->
    </test> <!-- TC01_Login -->
  </suite> <!-- RegressionAutomatedQA -->
</testng-results>
